This is pdfTeX, Version 3.1415926-2.5-1.40.14 (TeX Live 2013/Debian) (format=pdflatex 2016.6.2)  2 JUN 2016 21:24
entering extended mode
 restricted \write18 enabled.
 %&-line parsing enabled.
**report.tex
(./report.tex
LaTeX2e <2011/06/27>
Babel <3.9h> and hyphenation patterns for 2 languages loaded.
(/usr/share/texlive/texmf-dist/tex/latex/base/report.cls
Document Class: report 2007/10/19 v1.4h Standard LaTeX document class
(/usr/share/texlive/texmf-dist/tex/latex/base/size10.clo
File: size10.clo 2007/10/19 v1.4h Standard LaTeX file (size option)
)
\c@part=\count79
\c@chapter=\count80
\c@section=\count81
\c@subsection=\count82
\c@subsubsection=\count83
\c@paragraph=\count84
\c@subparagraph=\count85
\c@figure=\count86
\c@table=\count87
\abovecaptionskip=\skip41
\belowcaptionskip=\skip42
\bibindent=\dimen102
)
(/usr/share/texlive/texmf-dist/tex/latex/amsmath/amsmath.sty
Package: amsmath 2013/01/14 v2.14 AMS math features
\@mathmargin=\skip43

For additional information on amsmath, use the `?' option.
(/usr/share/texlive/texmf-dist/tex/latex/amsmath/amstext.sty
Package: amstext 2000/06/29 v2.01

(/usr/share/texlive/texmf-dist/tex/latex/amsmath/amsgen.sty
File: amsgen.sty 1999/11/30 v2.0
\@emptytoks=\toks14
\ex@=\dimen103
))
(/usr/share/texlive/texmf-dist/tex/latex/amsmath/amsbsy.sty
Package: amsbsy 1999/11/29 v1.2d
\pmbraise@=\dimen104
)
(/usr/share/texlive/texmf-dist/tex/latex/amsmath/amsopn.sty
Package: amsopn 1999/12/14 v2.01 operator names
)
\inf@bad=\count88
LaTeX Info: Redefining \frac on input line 210.
\uproot@=\count89
\leftroot@=\count90
LaTeX Info: Redefining \overline on input line 306.
\classnum@=\count91
\DOTSCASE@=\count92
LaTeX Info: Redefining \ldots on input line 378.
LaTeX Info: Redefining \dots on input line 381.
LaTeX Info: Redefining \cdots on input line 466.
\Mathstrutbox@=\box26
\strutbox@=\box27
\big@size=\dimen105
LaTeX Font Info:    Redeclaring font encoding OML on input line 566.
LaTeX Font Info:    Redeclaring font encoding OMS on input line 567.
\macc@depth=\count93
\c@MaxMatrixCols=\count94
\dotsspace@=\muskip10
\c@parentequation=\count95
\dspbrk@lvl=\count96
\tag@help=\toks15
\row@=\count97
\column@=\count98
\maxfields@=\count99
\andhelp@=\toks16
\eqnshift@=\dimen106
\alignsep@=\dimen107
\tagshift@=\dimen108
\tagwidth@=\dimen109
\totwidth@=\dimen110
\lineht@=\dimen111
\@envbody=\toks17
\multlinegap=\skip44
\multlinetaggap=\skip45
\mathdisplay@stack=\toks18
LaTeX Info: Redefining \[ on input line 2665.
LaTeX Info: Redefining \] on input line 2666.
)
(/usr/share/texlive/texmf-dist/tex/latex/cite/cite.sty
LaTeX Info: Redefining \cite on input line 302.
LaTeX Info: Redefining \nocite on input line 373.
Package: cite 2010/09/10  v 5.3
)
(/usr/share/texlive/texmf-dist/tex/latex/base/fixltx2e.sty
Package: fixltx2e 2006/09/13 v1.1m fixes to LaTeX
LaTeX Info: Redefining \em on input line 420.
LaTeX Info: The control sequence `\[' is already robust on input line 471.
LaTeX Info: The control sequence `\]' is already robust on input line 472.
)
(/usr/share/texlive/texmf-dist/tex/latex/graphics/graphicx.sty
Package: graphicx 1999/02/16 v1.0f Enhanced LaTeX Graphics (DPC,SPQR)

(/usr/share/texlive/texmf-dist/tex/latex/graphics/keyval.sty
Package: keyval 1999/03/16 v1.13 key=value parser (DPC)
\KV@toks@=\toks19
)
(/usr/share/texlive/texmf-dist/tex/latex/graphics/graphics.sty
Package: graphics 2009/02/05 v1.0o Standard LaTeX Graphics (DPC,SPQR)

(/usr/share/texlive/texmf-dist/tex/latex/graphics/trig.sty
Package: trig 1999/03/16 v1.09 sin cos tan (DPC)
)
(/usr/share/texlive/texmf-dist/tex/latex/latexconfig/graphics.cfg
File: graphics.cfg 2010/04/23 v1.9 graphics configuration of TeX Live
)
Package graphics Info: Driver file: pdftex.def on input line 91.

(/usr/share/texlive/texmf-dist/tex/latex/pdftex-def/pdftex.def
File: pdftex.def 2011/05/27 v0.06d Graphics/color for pdfTeX

(/usr/share/texlive/texmf-dist/tex/generic/oberdiek/infwarerr.sty
Package: infwarerr 2010/04/08 v1.3 Providing info/warning/error messages (HO)
)
(/usr/share/texlive/texmf-dist/tex/generic/oberdiek/ltxcmds.sty
Package: ltxcmds 2011/11/09 v1.22 LaTeX kernel commands for general use (HO)
)
\Gread@gobject=\count100
))
\Gin@req@height=\dimen112
\Gin@req@width=\dimen113
)
(/usr/share/texlive/texmf-dist/tex/latex/setspace/setspace.sty
Package: setspace 2011/12/19 v6.7a set line spacing
)
(/usr/share/texlive/texmf-dist/tex/latex/geometry/geometry.sty
Package: geometry 2010/09/12 v5.6 Page Geometry

(/usr/share/texlive/texmf-dist/tex/generic/oberdiek/ifpdf.sty
Package: ifpdf 2011/01/30 v2.3 Provides the ifpdf switch (HO)
Package ifpdf Info: pdfTeX in PDF mode is detected.
)
(/usr/share/texlive/texmf-dist/tex/generic/oberdiek/ifvtex.sty
Package: ifvtex 2010/03/01 v1.5 Detect VTeX and its facilities (HO)
Package ifvtex Info: VTeX not detected.
)
(/usr/share/texlive/texmf-dist/tex/generic/ifxetex/ifxetex.sty
Package: ifxetex 2010/09/12 v0.6 Provides ifxetex conditional
)
\Gm@cnth=\count101
\Gm@cntv=\count102
\c@Gm@tempcnt=\count103
\Gm@bindingoffset=\dimen114
\Gm@wd@mp=\dimen115
\Gm@odd@mp=\dimen116
\Gm@even@mp=\dimen117
\Gm@layoutwidth=\dimen118
\Gm@layoutheight=\dimen119
\Gm@layouthoffset=\dimen120
\Gm@layoutvoffset=\dimen121
\Gm@dimlist=\toks20
)
(/usr/share/texlive/texmf-dist/tex/latex/url/url.sty
\Urlmuskip=\muskip11
Package: url 2013/09/16  ver 3.4  Verb mode for urls, etc.
) (./report.aux)
\openout1 = `report.aux'.

LaTeX Font Info:    Checking defaults for OML/cmm/m/it on input line 26.
LaTeX Font Info:    ... okay on input line 26.
LaTeX Font Info:    Checking defaults for T1/cmr/m/n on input line 26.
LaTeX Font Info:    ... okay on input line 26.
LaTeX Font Info:    Checking defaults for OT1/cmr/m/n on input line 26.
LaTeX Font Info:    ... okay on input line 26.
LaTeX Font Info:    Checking defaults for OMS/cmsy/m/n on input line 26.
LaTeX Font Info:    ... okay on input line 26.
LaTeX Font Info:    Checking defaults for OMX/cmex/m/n on input line 26.
LaTeX Font Info:    ... okay on input line 26.
LaTeX Font Info:    Checking defaults for U/cmr/m/n on input line 26.
LaTeX Font Info:    ... okay on input line 26.

(/usr/share/texlive/texmf-dist/tex/context/base/supp-pdf.mkii
[Loading MPS to PDF converter (version 2006.09.02).]
\scratchcounter=\count104
\scratchdimen=\dimen122
\scratchbox=\box28
\nofMPsegments=\count105
\nofMParguments=\count106
\everyMPshowfont=\toks21
\MPscratchCnt=\count107
\MPscratchDim=\dimen123
\MPnumerator=\count108
\makeMPintoPDFobject=\count109
\everyMPtoPDFconversion=\toks22
) (/usr/share/texlive/texmf-dist/tex/generic/oberdiek/pdftexcmds.sty
Package: pdftexcmds 2011/11/29 v0.20 Utility functions of pdfTeX for LuaTeX (HO
)

(/usr/share/texlive/texmf-dist/tex/generic/oberdiek/ifluatex.sty
Package: ifluatex 2010/03/01 v1.3 Provides the ifluatex switch (HO)
Package ifluatex Info: LuaTeX not detected.
)
Package pdftexcmds Info: LuaTeX not detected.
Package pdftexcmds Info: \pdf@primitive is available.
Package pdftexcmds Info: \pdf@ifprimitive is available.
Package pdftexcmds Info: \pdfdraftmode found.
)
(/usr/share/texlive/texmf-dist/tex/latex/oberdiek/epstopdf-base.sty
Package: epstopdf-base 2010/02/09 v2.5 Base part for package epstopdf

(/usr/share/texlive/texmf-dist/tex/latex/oberdiek/grfext.sty
Package: grfext 2010/08/19 v1.1 Manage graphics extensions (HO)

(/usr/share/texlive/texmf-dist/tex/generic/oberdiek/kvdefinekeys.sty
Package: kvdefinekeys 2011/04/07 v1.3 Define keys (HO)
))
(/usr/share/texlive/texmf-dist/tex/latex/oberdiek/kvoptions.sty
Package: kvoptions 2011/06/30 v3.11 Key value format for package options (HO)

(/usr/share/texlive/texmf-dist/tex/generic/oberdiek/kvsetkeys.sty
Package: kvsetkeys 2012/04/25 v1.16 Key value parser (HO)

(/usr/share/texlive/texmf-dist/tex/generic/oberdiek/etexcmds.sty
Package: etexcmds 2011/02/16 v1.5 Avoid name clashes with e-TeX commands (HO)
Package etexcmds Info: Could not find \expanded.
(etexcmds)             That can mean that you are not using pdfTeX 1.50 or
(etexcmds)             that some package has redefined \expanded.
(etexcmds)             In the latter case, load this package earlier.
)))
Package grfext Info: Graphics extension search list:
(grfext)             [.png,.pdf,.jpg,.mps,.jpeg,.jbig2,.jb2,.PNG,.PDF,.JPG,.JPE
G,.JBIG2,.JB2,.eps]
(grfext)             \AppendGraphicsExtensions on input line 452.

(/usr/share/texlive/texmf-dist/tex/latex/latexconfig/epstopdf-sys.cfg
File: epstopdf-sys.cfg 2010/07/13 v1.3 Configuration of (r)epstopdf for TeX Liv
e
))
*geometry* driver: auto-detecting
*geometry* detected driver: pdftex
*geometry* verbose mode - [ preamble ] result:
* driver: pdftex
* paper: <default>
* layout: <same size as paper>
* layoutoffset:(h,v)=(0.0pt,0.0pt)
* modes: 
* h-part:(L,W,R)=(91.04872pt, 452.1144pt, 71.13188pt)
* v-part:(T,H,B)=(71.13188pt, 652.70622pt, 71.13188pt)
* \paperwidth=614.295pt
* \paperheight=794.96999pt
* \textwidth=452.1144pt
* \textheight=652.70622pt
* \oddsidemargin=18.77873pt
* \evensidemargin=18.77873pt
* \topmargin=-38.1381pt
* \headheight=12.0pt
* \headsep=25.0pt
* \topskip=10.0pt
* \footskip=30.0pt
* \marginparwidth=65.0pt
* \marginparsep=11.0pt
* \columnsep=10.0pt
* \skip\footins=9.0pt plus 4.0pt minus 2.0pt
* \hoffset=0.0pt
* \voffset=0.0pt
* \mag=1000
* \@twocolumnfalse
* \@twosidefalse
* \@mparswitchfalse
* \@reversemarginfalse
* (1in=72.27pt=25.4mm, 1cm=28.453pt)

<./SwanseaLogo.png, id=1, 572.1375pt x 361.35pt>
File: ./SwanseaLogo.png Graphic file (type png)
 <use ./SwanseaLogo.png>
Package pdftex.def Info: ./SwanseaLogo.png used on input line 35.
(pdftex.def)             Requested size: 226.05719pt x 142.77304pt.

[1

{/var/lib/texmf/fonts/map/pdftex/updmap/pdftex.map} <./SwanseaLogo.png>]
[1

]
Underfull \hbox (badness 10000) in paragraph at lines 83--86

 []


Underfull \hbox (badness 10000) in paragraph at lines 83--86

 []


Underfull \hbox (badness 10000) in paragraph at lines 87--93

 []


Underfull \hbox (badness 10000) in paragraph at lines 87--93

 []


Underfull \hbox (badness 10000) in paragraph at lines 87--93

 []


Underfull \hbox (badness 10000) in paragraph at lines 94--100

 []


Underfull \hbox (badness 10000) in paragraph at lines 94--100

 []


Underfull \hbox (badness 10000) in paragraph at lines 94--100

 []


Underfull \hbox (badness 10000) in paragraph at lines 101--108

 []


Underfull \hbox (badness 10000) in paragraph at lines 101--108

 []


Underfull \hbox (badness 10000) in paragraph at lines 101--108

 []


Underfull \hbox (badness 10000) in paragraph at lines 101--108

 []

[1]
Underfull \hbox (badness 10000) in paragraph at lines 116--119

 []


Underfull \hbox (badness 10000) in paragraph at lines 116--119

 []

[2] (./report.toc [3

])
\tf@toc=\write3
\openout3 = `report.toc'.

 [4] (./report.lof [5

])
\tf@lof=\write4
\openout4 = `report.lof'.

 [6]
Chapter 1.
[1

]
LaTeX Font Info:    Try loading font information for OMS+cmr on input line 150.

 (/usr/share/texlive/texmf-dist/tex/latex/base/omscmr.fd
File: omscmr.fd 1999/05/25 v2.5h Standard LaTeX font definitions
)
LaTeX Font Info:    Font shape `OMS/cmr/m/n' in size <10> not available
(Font)              Font shape `OMS/cmsy/m/n' tried instead on input line 150.
 [2] [3]
Chapter 2.
[4

]
Missing character: There is no ‚ in font cmr10!
Missing character: There is no Ä in font cmr10!
Missing character: There is no ú in font cmr10!
Missing character: There is no ‚ in font cmr10!
Missing character: There is no Ä in font cmr10!
Missing character: There is no ù in font cmr10!
LaTeX Font Info:    Try loading font information for OT1+ttfamily on input line
 189.
LaTeX Font Info:    No file OT1ttfamily.fd. on input line 189.


LaTeX Font Warning: Font shape `OT1/ttfamily/m/n' undefined
(Font)              using `OT1/cmr/m/n' instead on input line 189.

Missing character: There is no ‚ in font cmtt10!
Missing character: There is no Ä in font cmtt10!
Missing character: There is no ù in font cmtt10!
Missing character: There is no ‚ in font cmr10!
Missing character: There is no Ä in font cmr10!
Missing character: There is no ú in font cmr10!
Missing character: There is no ‚ in font cmr10!
Missing character: There is no Ä in font cmr10!
Missing character: There is no ù in font cmr10!
[5] [6] [7]
Missing character: There is no ‚ in font cmtt10!
Missing character: There is no Ä in font cmtt10!
Missing character: There is no ú in font cmtt10!
Missing character: There is no ‚ in font cmtt10!
Missing character: There is no Ä in font cmtt10!
Missing character: There is no ù in font cmtt10!
 <../diagrams/xeon.png, id=61, 1541.76pt x 715.92468pt>
File: ../diagrams/xeon.png Graphic file (type png)

<use ../diagrams/xeon.png>
Package pdftex.def Info: ../diagrams/xeon.png used on input line 278.
(pdftex.def)             Requested size: 452.1144pt x 209.93967pt.
 [8] [9 <../diagrams/xeon.png (PNG copy)>]
<../diagrams/xeon_phi.png, id=69, 1541.76pt x 963.6pt>
File: ../diagrams/xeon_phi.png Graphic file (type png)

<use ../diagrams/xeon_phi.png>
Package pdftex.def Info: ../diagrams/xeon_phi.png used on input line 294.
(pdftex.def)             Requested size: 452.1144pt x 282.56865pt.
 [10 <../diagrams/xeon_phi.png (PNG copy)>]
[11]
Chapter 3.
<../diagrams/fib_tasks.png, id=79, 1541.76pt x 917.67844pt>
File: ../diagrams/fib_tasks.png Graphic file (type png)

<use ../diagrams/fib_tasks.png>
Package pdftex.def Info: ../diagrams/fib_tasks.png used on input line 330.
(pdftex.def)             Requested size: 452.1144pt x 269.1025pt.
 [12

] [13 <../diagrams/fib_tasks.png (PNG copy)>] <../diagrams/fib_cutoff_tasks.png
, id=86, 1541.76pt x 917.67844pt>
File: ../diagrams/fib_cutoff_tasks.png Graphic file (type png)

<use ../diagrams/fib_cutoff_tasks.png>
Package pdftex.def Info: ../diagrams/fib_cutoff_tasks.png used on input line 35
0.
(pdftex.def)             Requested size: 452.1144pt x 269.1025pt.

<../diagrams/msort_tasks.png, id=87, 1541.76pt x 991.45406pt>
File: ../diagrams/msort_tasks.png Graphic file (type png)

<use ../diagrams/msort_tasks.png>
Package pdftex.def Info: ../diagrams/msort_tasks.png used on input line 366.
(pdftex.def)             Requested size: 452.1144pt x 290.73665pt.
 [14] [15 <../diagrams/fib_cutoff_tasks.png (PNG copy)>] [16 <../diagrams/msort
_tasks.png (PNG copy)>]
<../diagrams/msort_powers_tasks.png, id=98, 1541.76pt x 733.99219pt>
File: ../diagrams/msort_powers_tasks.png Graphic file (type png)

<use ../diagrams/msort_powers_tasks.png>
Package pdftex.def Info: ../diagrams/msort_powers_tasks.png used on input line 
389.
(pdftex.def)             Requested size: 452.1144pt x 215.23784pt.

<../diagrams/nqueens_solutions.png, id=99, 1541.76pt x 733.99219pt>
File: ../diagrams/nqueens_solutions.png Graphic file (type png)

<use ../diagrams/nqueens_solutions.png>
Package pdftex.def Info: ../diagrams/nqueens_solutions.png used on input line 4
02.
(pdftex.def)             Requested size: 452.1144pt x 215.23784pt.
 [17]
<../diagrams/nqueens_tasks.png, id=104, 1541.76pt x 807.7678pt>
File: ../diagrams/nqueens_tasks.png Graphic file (type png)

<use ../diagrams/nqueens_tasks.png>
Package pdftex.def Info: ../diagrams/nqueens_tasks.png used on input line 410.
(pdftex.def)             Requested size: 452.1144pt x 236.872pt.
 [18 <../diagrams/msort_powers_tasks.png (PNG copy)>] [19 <../diagrams/nqueens_
solutions.png (PNG copy)>] [20 <../diagrams/nqueens_tasks.png (PNG copy)>]
<../diagrams/uts_tasks.png, id=114, 1541.76pt x 807.7678pt>
File: ../diagrams/uts_tasks.png Graphic file (type png)

<use ../diagrams/uts_tasks.png>
Package pdftex.def Info: ../diagrams/uts_tasks.png used on input line 434.
(pdftex.def)             Requested size: 452.1144pt x 236.872pt.
 [21 <../diagrams/uts_tasks.png (PNG copy)>]
[22]
Chapter 4.
[23

]
Underfull \hbox (badness 10000) in paragraph at lines 475--477

 []

[24]
Underfull \hbox (badness 10000) in paragraph at lines 492--495

 []

[25] <../../charts/intel64/fib_time.png, id=131, 1541.76pt x 707.64375pt>
File: ../../charts/intel64/fib_time.png Graphic file (type png)

<use ../../charts/intel64/fib_time.png>
Package pdftex.def Info: ../../charts/intel64/fib_time.png used on input line 5
29.
(pdftex.def)             Requested size: 452.1144pt x 207.51135pt.

<../../charts/intel64/fib_speedup.png, id=132, 1541.76pt x 707.64375pt>
File: ../../charts/intel64/fib_speedup.png Graphic file (type png)

<use ../../charts/intel64/fib_speedup.png>
Package pdftex.def Info: ../../charts/intel64/fib_speedup.png used on input lin
e 535.
(pdftex.def)             Requested size: 452.1144pt x 207.51135pt.


LaTeX Warning: `!h' float specifier changed to `!ht'.

[26] [27 <../../charts/intel64/fib_time.png (PNG copy)>]
<../../heatmaps/intel64/fib.png, id=139, 1541.76pt x 1233.10687pt>
File: ../../heatmaps/intel64/fib.png Graphic file (type png)

<use ../../heatmaps/intel64/fib.png>
Package pdftex.def Info: ../../heatmaps/intel64/fib.png used on input line 550.

(pdftex.def)             Requested size: 452.1144pt x 361.59958pt.
 [28 <../../charts/intel64/fib_speedup.png (PNG copy)>] [29 <../../heatmaps/int
el64/fib.png (PNG copy)>]
<../../charts/mic/fib_time.png, id=147, 1541.76pt x 707.64375pt>
File: ../../charts/mic/fib_time.png Graphic file (type png)

<use ../../charts/mic/fib_time.png>
Package pdftex.def Info: ../../charts/mic/fib_time.png used on input line 564.
(pdftex.def)             Requested size: 452.1144pt x 207.51135pt.

<../../charts/mic/fib_speedup.png, id=148, 1541.76pt x 707.64375pt>
File: ../../charts/mic/fib_speedup.png Graphic file (type png)

<use ../../charts/mic/fib_speedup.png>
Package pdftex.def Info: ../../charts/mic/fib_speedup.png used on input line 57
0.
(pdftex.def)             Requested size: 452.1144pt x 207.51135pt.
 [30 <../../charts/mic/fib_time.png (PNG copy)> <../../charts/mic/fib_speedup.p
ng (PNG copy)>]
<../../heatmaps/mic/fib.png, id=152, 1541.76pt x 1233.10687pt>
File: ../../heatmaps/mic/fib.png Graphic file (type png)

<use ../../heatmaps/mic/fib.png>
Package pdftex.def Info: ../../heatmaps/mic/fib.png used on input line 580.
(pdftex.def)             Requested size: 452.1144pt x 361.59958pt.

<../../charts/intel64/fib_cutoff.png, id=153, 1541.76pt x 707.64375pt>
File: ../../charts/intel64/fib_cutoff.png Graphic file (type png)

<use ../../charts/intel64/fib_cutoff.png>
Package pdftex.def Info: ../../charts/intel64/fib_cutoff.png used on input line
 594.
(pdftex.def)             Requested size: 452.1144pt x 207.51135pt.
 [31]
<../../charts/mic/fib_cutoff.png, id=157, 1541.76pt x 707.64375pt>
File: ../../charts/mic/fib_cutoff.png Graphic file (type png)

<use ../../charts/mic/fib_cutoff.png>
Package pdftex.def Info: ../../charts/mic/fib_cutoff.png used on input line 604
.
(pdftex.def)             Requested size: 452.1144pt x 207.51135pt.
 [32 <../../heatmaps/mic/fib.png (PNG copy)>] [33 <../../charts/intel64/fib_cut
off.png (PNG copy)> <../../charts/mic/fib_cutoff.png (PNG copy)>]
<../../charts/intel64/msort_time.png, id=164, 1541.76pt x 707.64375pt>
File: ../../charts/intel64/msort_time.png Graphic file (type png)

<use ../../charts/intel64/msort_time.png>
Package pdftex.def Info: ../../charts/intel64/msort_time.png used on input line
 626.
(pdftex.def)             Requested size: 452.1144pt x 207.51135pt.

<../../charts/intel64/msort_speedup.png, id=165, 1541.76pt x 707.64375pt>
File: ../../charts/intel64/msort_speedup.png Graphic file (type png)

<use ../../charts/intel64/msort_speedup.png>
Package pdftex.def Info: ../../charts/intel64/msort_speedup.png used on input l
ine 632.
(pdftex.def)             Requested size: 452.1144pt x 207.51135pt.
 [34]
<../../heatmaps/intel64/msort.png, id=169, 1541.76pt x 1233.10687pt>
File: ../../heatmaps/intel64/msort.png Graphic file (type png)

<use ../../heatmaps/intel64/msort.png>
Package pdftex.def Info: ../../heatmaps/intel64/msort.png used on input line 64
0.
(pdftex.def)             Requested size: 452.1144pt x 361.59958pt.
 [35 <../../charts/intel64/msort_time.png (PNG copy)> <../../charts/intel64/mso
rt_speedup.png (PNG copy)>]
<../../charts/mic/msort_time.png, id=174, 1541.76pt x 707.64375pt>
File: ../../charts/mic/msort_time.png Graphic file (type png)

<use ../../charts/mic/msort_time.png>
Package pdftex.def Info: ../../charts/mic/msort_time.png used on input line 650
.
(pdftex.def)             Requested size: 452.1144pt x 207.51135pt.

<../../charts/mic/msort_speedup.png, id=175, 1541.76pt x 707.64375pt>
File: ../../charts/mic/msort_speedup.png Graphic file (type png)

<use ../../charts/mic/msort_speedup.png>
Package pdftex.def Info: ../../charts/mic/msort_speedup.png used on input line 
656.
(pdftex.def)             Requested size: 452.1144pt x 207.51135pt.
 [36 <../../heatmaps/intel64/msort.png (PNG copy)>] [37 <../../charts/mic/msort
_time.png (PNG copy)> <../../charts/mic/msort_speedup.png (PNG copy)>]
<../../heatmaps/mic/msort.png, id=182, 1541.76pt x 1233.10687pt>
File: ../../heatmaps/mic/msort.png Graphic file (type png)

<use ../../heatmaps/mic/msort.png>
Package pdftex.def Info: ../../heatmaps/mic/msort.png used on input line 666.
(pdftex.def)             Requested size: 452.1144pt x 361.59958pt.

<../../charts/intel64/msort_powers_time.png, id=183, 1541.76pt x 707.64375pt>
File: ../../charts/intel64/msort_powers_time.png Graphic file (type png)

<use ../../charts/intel64/msort_powers_time.png>
Package pdftex.def Info: ../../charts/intel64/msort_powers_time.png used on inp
ut line 676.
(pdftex.def)             Requested size: 452.1144pt x 207.51135pt.

<../../charts/intel64/msort_powers_speedup.png, id=184, 1541.76pt x 707.64375pt
>
File: ../../charts/intel64/msort_powers_speedup.png Graphic file (type png)
 <use ../../charts/intel64/msort_powers_speedup.png>
Package pdftex.def Info: ../../charts/intel64/msort_powers_speedup.png used on 
input line 682.
(pdftex.def)             Requested size: 452.1144pt x 207.51135pt.

<../../charts/mic/msort_powers_time.png, id=185, 1541.76pt x 707.64375pt>
File: ../../charts/mic/msort_powers_time.png Graphic file (type png)

<use ../../charts/mic/msort_powers_time.png>
Package pdftex.def Info: ../../charts/mic/msort_powers_time.png used on input l
ine 692.
(pdftex.def)             Requested size: 452.1144pt x 207.51135pt.

<../../charts/mic/msort_powers_speedup.png, id=186, 1541.76pt x 707.64375pt>
File: ../../charts/mic/msort_powers_speedup.png Graphic file (type png)

<use ../../charts/mic/msort_powers_speedup.png>
Package pdftex.def Info: ../../charts/mic/msort_powers_speedup.png used on inpu
t line 698.
(pdftex.def)             Requested size: 452.1144pt x 207.51135pt.
 [38] [39 <../../heatmaps/mic/msort.png (PNG copy)>] [40 <../../charts/intel64/
msort_powers_time.png (PNG copy)> <../../charts/intel64/msort_powers_speedup.pn
g (PNG copy)>] [41 <../../charts/mic/msort_powers_time.png (PNG copy)> <../../c
harts/mic/msort_powers_speedup.png (PNG copy)>]
<../../charts/intel64/nqueens_time.png, id=200, 1541.76pt x 707.64375pt>
File: ../../charts/intel64/nqueens_time.png Graphic file (type png)

<use ../../charts/intel64/nqueens_time.png>
Package pdftex.def Info: ../../charts/intel64/nqueens_time.png used on input li
ne 725.
(pdftex.def)             Requested size: 452.1144pt x 207.51135pt.

<../../charts/intel64/nqueens_speedup.png, id=201, 1541.76pt x 707.64375pt>
File: ../../charts/intel64/nqueens_speedup.png Graphic file (type png)

<use ../../charts/intel64/nqueens_speedup.png>
Package pdftex.def Info: ../../charts/intel64/nqueens_speedup.png used on input
 line 731.
(pdftex.def)             Requested size: 452.1144pt x 207.51135pt.

<../../charts/mic/nqueens_time.png, id=202, 1541.76pt x 707.64375pt>
File: ../../charts/mic/nqueens_time.png Graphic file (type png)

<use ../../charts/mic/nqueens_time.png>
Package pdftex.def Info: ../../charts/mic/nqueens_time.png used on input line 7
43.
(pdftex.def)             Requested size: 452.1144pt x 207.51135pt.

<../../charts/mic/nqueens_speedup.png, id=203, 1541.76pt x 707.64375pt>
File: ../../charts/mic/nqueens_speedup.png Graphic file (type png)

<use ../../charts/mic/nqueens_speedup.png>
Package pdftex.def Info: ../../charts/mic/nqueens_speedup.png used on input lin
e 749.
(pdftex.def)             Requested size: 452.1144pt x 207.51135pt.
 [42] [43 <../../charts/intel64/nqueens_time.png (PNG copy)> <../../charts/inte
l64/nqueens_speedup.png (PNG copy)>]
[44 <../../charts/mic/nqueens_time.png (PNG copy)> <../../charts/mic/nqueens_sp
eedup.png (PNG copy)>]
<../../charts/intel64/nqueens_cutoff.png, id=214, 1541.76pt x 707.64375pt>
File: ../../charts/intel64/nqueens_cutoff.png Graphic file (type png)

<use ../../charts/intel64/nqueens_cutoff.png>
Package pdftex.def Info: ../../charts/intel64/nqueens_cutoff.png used on input 
line 765.
(pdftex.def)             Requested size: 452.1144pt x 207.51135pt.

<../../charts/mic/nqueens_cutoff.png, id=215, 1541.76pt x 707.64375pt>
File: ../../charts/mic/nqueens_cutoff.png Graphic file (type png)

<use ../../charts/mic/nqueens_cutoff.png>
Package pdftex.def Info: ../../charts/mic/nqueens_cutoff.png used on input line
 774.
(pdftex.def)             Requested size: 452.1144pt x 207.51135pt.
 [45 <../../charts/intel64/nqueens_cutoff.png (PNG copy)>] [46 <../../charts/mi
c/nqueens_cutoff.png (PNG copy)>]
<../../charts/intel64/uts_time.png, id=222, 1541.76pt x 707.64375pt>
File: ../../charts/intel64/uts_time.png Graphic file (type png)

<use ../../charts/intel64/uts_time.png>
Package pdftex.def Info: ../../charts/intel64/uts_time.png used on input line 7
91.
(pdftex.def)             Requested size: 452.1144pt x 207.51135pt.

<../../charts/intel64/uts_speedup.png, id=223, 1541.76pt x 707.64375pt>
File: ../../charts/intel64/uts_speedup.png Graphic file (type png)

<use ../../charts/intel64/uts_speedup.png>
Package pdftex.def Info: ../../charts/intel64/uts_speedup.png used on input lin
e 797.
(pdftex.def)             Requested size: 452.1144pt x 207.51135pt.

<../../heatmaps/intel64/uts.png, id=224, 1541.76pt x 1233.10687pt>
File: ../../heatmaps/intel64/uts.png Graphic file (type png)

<use ../../heatmaps/intel64/uts.png>
Package pdftex.def Info: ../../heatmaps/intel64/uts.png used on input line 805.

(pdftex.def)             Requested size: 452.1144pt x 361.59958pt.
 [47 <../../charts/intel64/uts_time.png (PNG copy)>] <../../charts/mic/uts_time
.png, id=229, 1541.76pt x 707.64375pt>
File: ../../charts/mic/uts_time.png Graphic file (type png)

<use ../../charts/mic/uts_time.png>
Package pdftex.def Info: ../../charts/mic/uts_time.png used on input line 817.
(pdftex.def)             Requested size: 452.1144pt x 207.51135pt.

<../../charts/mic/uts_speedup.png, id=230, 1541.76pt x 707.64375pt>
File: ../../charts/mic/uts_speedup.png Graphic file (type png)

<use ../../charts/mic/uts_speedup.png>
Package pdftex.def Info: ../../charts/mic/uts_speedup.png used on input line 82
3.
(pdftex.def)             Requested size: 452.1144pt x 207.51135pt.
 [48 <../../charts/intel64/uts_speedup.png (PNG copy)>] <../../heatmaps/mic/uts
.png, id=234, 1541.76pt x 1233.10687pt>
File: ../../heatmaps/mic/uts.png Graphic file (type png)

<use ../../heatmaps/mic/uts.png>
Package pdftex.def Info: ../../heatmaps/mic/uts.png used on input line 831.
(pdftex.def)             Requested size: 452.1144pt x 361.59958pt.
 [49 <../../heatmaps/intel64/uts.png (PNG copy)>] [50 <../../charts/mic/uts_tim
e.png (PNG copy)> <../../charts/mic/uts_speedup.png (PNG copy)>] [51 <../../hea
tmaps/mic/uts.png (PNG copy)>]
Chapter 5.
[52

] [53] (./report.bbl [54]
Underfull \hbox (badness 10000) in paragraph at lines 9--13
[]\OT1/ttfamily/m/n/10 Intel, ``An Overview of Pro-gram-ming for In-tel Xeon pr
o-ces-sors and
 []


Underfull \hbox (badness 10000) in paragraph at lines 9--13
\OT1/ttfamily/m/n/10 In-tel Xeon Phi co-pro-ces-sor.'' $https : / / software . 
intel . com / en-[]us / articles /
 []


Underfull \hbox (badness 1102) in paragraph at lines 38--41
[]\OT1/ttfamily/m/n/10 L. L. N. Lab-o-ra-tory, ``POSIX Threads Pro-gram-ming.''
 $https : / / computing . llnl . gov / tutorials /
 []

[55

]
Underfull \hbox (badness 10000) in paragraph at lines 111--115
\OT1/ttfamily/m/n/10 intel . com / en-[]us / articles / intel-[]xeon-[]processo
r-[]e5-[]26004600-[]product-[]family-[]technical-[]overview #
 []


Underfull \hbox (badness 10000) in paragraph at lines 117--120
[]\OT1/ttfamily/m/n/10 Intel, ``In-tel Xeon Phi Co-pro-ces-sor 5110P.'' $http :
 / / ark . intel . com / products / 71992 /
 []

[56]) [57]
Chapter 6.
[58

] [59] [60] (./report.aux)

LaTeX Font Warning: Some font shapes were not available, defaults substituted.

 ) 
Here is how much of TeX's memory you used:
 3198 strings out of 495028
 47667 string characters out of 6181498
 110881 words of memory out of 5000000
 6328 multiletter control sequences out of 15000+600000
 11418 words of font info for 41 fonts, out of 8000000 for 9000
 14 hyphenation exceptions out of 8191
 38i,8n,23p,2568b,278s stack positions out of 5000i,500n,10000p,200000b,80000s
</usr/share/texlive/texmf-dist/fonts/type1/public/amsfonts/cm/cmbx10.pfb></us
r/share/texlive/texmf-dist/fonts/type1/public/amsfonts/cm/cmbx12.pfb></usr/shar
e/texlive/texmf-dist/fonts/type1/public/amsfonts/cm/cmmi10.pfb></usr/share/texl
ive/texmf-dist/fonts/type1/public/amsfonts/cm/cmmi7.pfb></usr/share/texlive/tex
mf-dist/fonts/type1/public/amsfonts/cm/cmr10.pfb></usr/share/texlive/texmf-dist
/fonts/type1/public/amsfonts/cm/cmr12.pfb></usr/share/texlive/texmf-dist/fonts/
type1/public/amsfonts/cm/cmr17.pfb></usr/share/texlive/texmf-dist/fonts/type1/p
ublic/amsfonts/cm/cmr7.pfb></usr/share/texlive/texmf-dist/fonts/type1/public/am
sfonts/cm/cmsy10.pfb></usr/share/texlive/texmf-dist/fonts/type1/public/amsfonts
/cm/cmsy7.pfb></usr/share/texlive/texmf-dist/fonts/type1/public/amsfonts/cm/cmt
i10.pfb></usr/share/texlive/texmf-dist/fonts/type1/public/amsfonts/cm/cmti12.pf
b></usr/share/texlive/texmf-dist/fonts/type1/public/amsfonts/cm/cmtt10.pfb>
Output written on report.pdf (68 pages, 5875189 bytes).
PDF statistics:
 318 PDF objects out of 1000 (max. 8388607)
 192 compressed objects within 2 object streams
 0 named destinations out of 1000 (max. 500000)
 201 words of extra memory for PDF output out of 10000 (max. 10000000)

